e:\text\learn\mfcapplication3\mfcapplication3\debug\mfcapplication3.pch
e:\text\learn\mfcapplication3\mfcapplication3\debug\vc142.pdb
e:\text\learn\mfcapplication3\mfcapplication3\debug\vc142.idb
e:\text\learn\mfcapplication3\mfcapplication3\debug\pch.obj
e:\text\learn\mfcapplication3\mfcapplication3\debug\mfcapplication3dlg.obj
e:\text\learn\mfcapplication3\mfcapplication3\debug\mfcapplication3.obj
e:\text\learn\mfcapplication3\mfcapplication3\debug\aaa.obj
e:\text\learn\mfcapplication3\mfcapplication3\debug\fileforwardingandreceiving.obj
e:\text\learn\mfcapplication3\mfcapplication3\debug\fileprocessing.obj
e:\text\learn\mfcapplication3\mfcapplication3\debug\networktransmission.obj
e:\text\learn\mfcapplication3\debug\mfcapplication3.exe
e:\text\learn\mfcapplication3\mfcapplication3\debug\mfcapplication3.ilk
e:\text\learn\mfcapplication3\debug\mfcapplication3.pdb
e:\text\learn\mfcapplication3\mfcapplication3\debug\mfcapplication3.res
e:\text\learn\mfcapplication3\mfcapplication3\debug\mfcapplication3.tlog\cl.command.1.tlog
e:\text\learn\mfcapplication3\mfcapplication3\debug\mfcapplication3.tlog\cl.read.1.tlog
e:\text\learn\mfcapplication3\mfcapplication3\debug\mfcapplication3.tlog\cl.write.1.tlog
e:\text\learn\mfcapplication3\mfcapplication3\debug\mfcapplication3.tlog\link-cvtres.read.1.tlog
e:\text\learn\mfcapplication3\mfcapplication3\debug\mfcapplication3.tlog\link-cvtres.write.1.tlog
e:\text\learn\mfcapplication3\mfcapplication3\debug\mfcapplication3.tlog\link-mt.read.1.tlog
e:\text\learn\mfcapplication3\mfcapplication3\debug\mfcapplication3.tlog\link-mt.write.1.tlog
e:\text\learn\mfcapplication3\mfcapplication3\debug\mfcapplication3.tlog\link-rc.read.1.tlog
e:\text\learn\mfcapplication3\mfcapplication3\debug\mfcapplication3.tlog\link-rc.write.1.tlog
e:\text\learn\mfcapplication3\mfcapplication3\debug\mfcapplication3.tlog\link.18868-cvtres.read.1.tlog
e:\text\learn\mfcapplication3\mfcapplication3\debug\mfcapplication3.tlog\link.18868-cvtres.write.1.tlog
e:\text\learn\mfcapplication3\mfcapplication3\debug\mfcapplication3.tlog\link.18868-mt.read.1.tlog
e:\text\learn\mfcapplication3\mfcapplication3\debug\mfcapplication3.tlog\link.18868-mt.write.1.tlog
e:\text\learn\mfcapplication3\mfcapplication3\debug\mfcapplication3.tlog\link.18868-rc.read.1.tlog
e:\text\learn\mfcapplication3\mfcapplication3\debug\mfcapplication3.tlog\link.18868-rc.write.1.tlog
e:\text\learn\mfcapplication3\mfcapplication3\debug\mfcapplication3.tlog\link.18868.read.1.tlog
e:\text\learn\mfcapplication3\mfcapplication3\debug\mfcapplication3.tlog\link.18868.write.1.tlog
e:\text\learn\mfcapplication3\mfcapplication3\debug\mfcapplication3.tlog\link.command.1.tlog
e:\text\learn\mfcapplication3\mfcapplication3\debug\mfcapplication3.tlog\link.read.1.tlog
e:\text\learn\mfcapplication3\mfcapplication3\debug\mfcapplication3.tlog\link.write.1.tlog
e:\text\learn\mfcapplication3\mfcapplication3\debug\mfcapplication3.tlog\rc.command.1.tlog
e:\text\learn\mfcapplication3\mfcapplication3\debug\mfcapplication3.tlog\rc.read.1.tlog
e:\text\learn\mfcapplication3\mfcapplication3\debug\mfcapplication3.tlog\rc.write.1.tlog
